This file contains any messages produced by compilers while
running configure, to aid debugging if configure makes a mistake.

It was created by skid configure 0.0.1, which was
generated by GNU Autoconf 2.72.  Invocation command line was

  $ ./configure

## --------- ##
## Platform. ##
## --------- ##

hostname = NationalSecurityAgencyMobileHackingCommandAndControlCenter
uname -m = x86_64
uname -r = 5.15.153.1-microsoft-standard-WSL2
uname -s = Linux
uname -v = #1 SMP Fri Mar 29 23:14:13 UTC 2024

/usr/bin/uname -p = unknown
/bin/uname -X     = unknown

/bin/arch              = unknown
/usr/bin/arch -k       = unknown
/usr/convex/getsysinfo = unknown
/usr/bin/hostinfo      = unknown
/bin/machine           = unknown
/usr/bin/oslevel       = unknown
/bin/universe          = unknown

PATH: /home/amarnath/go/bin/
PATH: /home/amarnath/.cargo/bin/
PATH: /usr/local/sbin/
PATH: /usr/local/bin/
PATH: /usr/sbin/
PATH: /usr/bin/
PATH: /sbin/
PATH: /bin/
PATH: /usr/games/
PATH: /usr/local/games/
PATH: /usr/lib/wsl/lib/
PATH: /mnt/c/Program Files/WindowsApps/Microsoft.PowerShellPreview_7.5.3.0_x64__8wekyb3d8bbwe/
PATH: /mnt/c/Windows/system32/
PATH: /mnt/c/Windows/
PATH: /mnt/c/Windows/System32/Wbem/
PATH: /mnt/c/Windows/System32/WindowsPowerShell/v1.0/
PATH: /mnt/c/Windows/System32/OpenSSH/
PATH: /mnt/c/Program Files/dotnet/
PATH: /mnt/c/Program Files/WireGuard/
PATH: /mnt/c/Program Files (x86)/Windows Kits/10/Windows Performance Toolkit/
PATH: /mnt/c/Users/amarnath/AppData/Roaming/local/bin/
PATH: /mnt/c/Users/amarnath/scoop/apps/imagemagick/current/
PATH: /mnt/c/Users/amarnath/scoop/apps/nodejs/current/bin/
PATH: /mnt/c/Users/amarnath/scoop/apps/nodejs/current/
PATH: /mnt/c/Users/amarnath/scoop/apps/zulu8-jdk/current/bin/
PATH: /mnt/c/Users/amarnath/scoop/apps/zulu17-jdk/current/bin/
PATH: /mnt/c/Users/amarnath/scoop/apps/zulu11-jdk/current/bin/
PATH: /mnt/c/Users/amarnath/scoop/apps/zulu-jdk/current/bin/
PATH: /mnt/c/Users/amarnath/scoop/apps/dotnet-sdk/current/
PATH: /mnt/c/Users/amarnath/go/bin/
PATH: /mnt/c/Users/amarnath/scoop/apps/haskell/current/lib/bin/
PATH: /mnt/c/Users/amarnath/scoop/apps/llvm/current/bin/
PATH: /mnt/c/Users/amarnath/scoop/apps/python/current/Scripts/
PATH: /mnt/c/Users/amarnath/scoop/apps/python/current/
PATH: /mnt/c/Users/amarnath/scoop/apps/rustup/current/.cargo/bin/
PATH: /mnt/c/Users/amarnath/scoop/apps/qemu/current/
PATH: /mnt/c/Users/amarnath/scoop/apps/python310/current/Scripts/
PATH: /mnt/c/Users/amarnath/scoop/apps/python310/current/
PATH: /mnt/c/Users/amarnath/scoop/apps/perl/current/perl/site/bin/
PATH: /mnt/c/Users/amarnath/scoop/apps/perl/current/perl/bin/
PATH: /mnt/c/Users/amarnath/scoop/apps/mpv/current/
PATH: /mnt/c/Users/amarnath/scoop/apps/miktex/current/texmfs/install/miktex/bin/x64/
PATH: /mnt/c/Users/amarnath/scoop/apps/gcc/current/bin/
PATH: /mnt/c/Users/amarnath/scoop/shims/
PATH: /mnt/c/Users/amarnath/AppData/Local/Microsoft/WindowsApps/
PATH: /mnt/c/Users/amarnath/AppData/Local/Programs/Microsoft VS Code Insiders/bin/
PATH: /usr/bin/site_perl/
PATH: /usr/bin/vendor_perl/
PATH: /usr/bin/core_perl/


## ----------- ##
## Core tests. ##
## ----------- ##

configure:2377: looking for aux files: compile missing install-sh
configure:2390:  trying ./
configure:2419:   ./compile found
configure:2419:   ./missing found
configure:2401:   ./install-sh found
configure:2549: checking for a BSD-compatible install
configure:2623: result: /usr/bin/install -c
configure:2634: checking whether sleep supports fractional seconds
configure:2650: result: yes
configure:2653: checking filesystem timestamp resolution
configure:2788: result: 0.1
configure:2793: checking whether build environment is sane
configure:2834: result: yes
configure:3005: checking for a race-free mkdir -p
configure:3048: result: /usr/sbin/mkdir -p
configure:3055: checking for gawk
configure:3076: found /usr/sbin/gawk
configure:3088: result: gawk
configure:3099: checking whether make sets $(MAKE)
configure:3123: result: yes
configure:3149: checking whether make supports nested variables
configure:3168: result: yes
configure:3182: checking xargs -n works
configure:3198: result: yes
configure:3368: checking for g++
configure:3389: found /usr/sbin/g++
configure:3401: result: g++
configure:3428: checking for C++ compiler version
configure:3437: g++ --version >&5
g++ (GCC) 14.1.1 20240720
Copyright (C) 2024 Free Software Foundation, Inc.
This is free software; see the source for copying conditions.  There is NO
warranty; not even for MERCHANTABILITY or FITNESS FOR A PARTICULAR PURPOSE.

configure:3448: $? = 0
configure:3437: g++ -v >&5
Using built-in specs.
COLLECT_GCC=g++
COLLECT_LTO_WRAPPER=/usr/lib/gcc/x86_64-pc-linux-gnu/14.1.1/lto-wrapper
Target: x86_64-pc-linux-gnu
Configured with: /build/gcc/src/gcc/configure --enable-languages=ada,c,c++,d,fortran,go,lto,m2,objc,obj-c++,rust --enable-bootstrap --prefix=/usr --libdir=/usr/lib --libexecdir=/usr/lib --mandir=/usr/share/man --infodir=/usr/share/info --with-bugurl=https://gitlab.archlinux.org/archlinux/packaging/packages/gcc/-/issues --with-build-config=bootstrap-lto --with-linker-hash-style=gnu --with-system-zlib --enable-__cxa_atexit --enable-cet=auto --enable-checking=release --enable-clocale=gnu --enable-default-pie --enable-default-ssp --enable-gnu-indirect-function --enable-gnu-unique-object --enable-libstdcxx-backtrace --enable-link-serialization=1 --enable-linker-build-id --enable-lto --enable-multilib --enable-plugin --enable-shared --enable-threads=posix --disable-libssp --disable-libstdcxx-pch --disable-werror
Thread model: posix
Supported LTO compression algorithms: zlib zstd
gcc version 14.1.1 20240720 (GCC) 
configure:3448: $? = 0
configure:3437: g++ -V >&5
g++: error: unrecognized command-line option '-V'
g++: fatal error: no input files
compilation terminated.
configure:3448: $? = 1
configure:3437: g++ -qversion >&5
g++: error: unrecognized command-line option '-qversion'; did you mean '--version'?
g++: fatal error: no input files
compilation terminated.
configure:3448: $? = 1
configure:3468: checking whether the C++ compiler works
configure:3490: g++    conftest.cpp  >&5
configure:3494: $? = 0
configure:3545: result: yes
configure:3549: checking for C++ compiler default output file name
configure:3551: result: a.out
configure:3557: checking for suffix of executables
configure:3564: g++ -o conftest    conftest.cpp  >&5
configure:3568: $? = 0
configure:3592: result: 
configure:3616: checking whether we are cross compiling
configure:3624: g++ -o conftest    conftest.cpp  >&5
configure:3628: $? = 0
configure:3635: ./conftest
configure:3639: $? = 0
configure:3654: result: no
configure:3660: checking for suffix of object files
configure:3683: g++ -c   conftest.cpp >&5
configure:3687: $? = 0
configure:3711: result: o
configure:3715: checking whether the compiler supports GNU C++
configure:3735: g++ -c   conftest.cpp >&5
configure:3735: $? = 0
configure:3747: result: yes
configure:3758: checking whether g++ accepts -g
configure:3779: g++ -c -g  conftest.cpp >&5
configure:3779: $? = 0
configure:3826: result: yes
configure:3846: checking for g++ option to enable C++11 features
configure:3861: g++  -c -g -O2  conftest.cpp >&5
conftest.cpp: In function 'int main(int, char**)':
conftest.cpp:177:25: warning: empty parentheses were disambiguated as a function declaration [-Wvexing-parse]
  177 |   cxx11test::delegate d2();
      |                         ^~
conftest.cpp:177:25: note: remove parentheses to default-initialize a variable
  177 |   cxx11test::delegate d2();
      |                         ^~
      |                         --
conftest.cpp:177:25: note: or replace parentheses with braces to value-initialize a variable
configure:3861: $? = 0
configure:3880: result: none needed
configure:3952: checking whether make supports the include directive
configure:3967: make -f confmf.GNU && cat confinc.out
this is the am__doit target
configure:3970: $? = 0
configure:3989: result: yes (GNU style)
configure:4015: checking dependency style of g++
configure:4128: result: gcc3
configure:4206: checking for gcc
configure:4227: found /usr/sbin/gcc
configure:4239: result: gcc
configure:4598: checking for C compiler version
configure:4607: gcc --version >&5
gcc (GCC) 14.1.1 20240720
Copyright (C) 2024 Free Software Foundation, Inc.
This is free software; see the source for copying conditions.  There is NO
warranty; not even for MERCHANTABILITY or FITNESS FOR A PARTICULAR PURPOSE.

configure:4618: $? = 0
configure:4607: gcc -v >&5
Using built-in specs.
COLLECT_GCC=gcc
COLLECT_LTO_WRAPPER=/usr/lib/gcc/x86_64-pc-linux-gnu/14.1.1/lto-wrapper
Target: x86_64-pc-linux-gnu
Configured with: /build/gcc/src/gcc/configure --enable-languages=ada,c,c++,d,fortran,go,lto,m2,objc,obj-c++,rust --enable-bootstrap --prefix=/usr --libdir=/usr/lib --libexecdir=/usr/lib --mandir=/usr/share/man --infodir=/usr/share/info --with-bugurl=https://gitlab.archlinux.org/archlinux/packaging/packages/gcc/-/issues --with-build-config=bootstrap-lto --with-linker-hash-style=gnu --with-system-zlib --enable-__cxa_atexit --enable-cet=auto --enable-checking=release --enable-clocale=gnu --enable-default-pie --enable-default-ssp --enable-gnu-indirect-function --enable-gnu-unique-object --enable-libstdcxx-backtrace --enable-link-serialization=1 --enable-linker-build-id --enable-lto --enable-multilib --enable-plugin --enable-shared --enable-threads=posix --disable-libssp --disable-libstdcxx-pch --disable-werror
Thread model: posix
Supported LTO compression algorithms: zlib zstd
gcc version 14.1.1 20240720 (GCC) 
configure:4618: $? = 0
configure:4607: gcc -V >&5
gcc: error: unrecognized command-line option '-V'
gcc: fatal error: no input files
compilation terminated.
configure:4618: $? = 1
configure:4607: gcc -qversion >&5
gcc: error: unrecognized command-line option '-qversion'; did you mean '--version'?
gcc: fatal error: no input files
compilation terminated.
configure:4618: $? = 1
configure:4607: gcc -version >&5
gcc: error: unrecognized command-line option '-version'
gcc: fatal error: no input files
compilation terminated.
configure:4618: $? = 1
configure:4622: checking whether the compiler supports GNU C
configure:4642: gcc -c   conftest.c >&5
configure:4642: $? = 0
configure:4654: result: yes
configure:4665: checking whether gcc accepts -g
configure:4686: gcc -c -g  conftest.c >&5
configure:4686: $? = 0
configure:4733: result: yes
configure:4753: checking for gcc option to enable C11 features
configure:4768: gcc  -c -g -O2  conftest.c >&5
configure:4768: $? = 0
configure:4787: result: none needed
configure:4911: checking whether gcc understands -c and -o together
configure:4934: gcc -c conftest.c -o conftest2.o
configure:4937: $? = 0
configure:4934: gcc -c conftest.c -o conftest2.o
configure:4937: $? = 0
configure:4950: result: yes
configure:4969: checking dependency style of gcc
configure:5082: result: gcc3
configure:5242: checking that generated files are newer than configure
configure:5248: result: done
configure:5287: creating ./config.status

## ---------------------- ##
## Running config.status. ##
## ---------------------- ##

This file was extended by skid config.status 0.0.1, which was
generated by GNU Autoconf 2.72.  Invocation command line was

  CONFIG_FILES    = 
  CONFIG_HEADERS  = 
  CONFIG_LINKS    = 
  CONFIG_COMMANDS = 
  $ ./config.status 

on NationalSecurityAgencyMobileHackingCommandAndControlCenter

config.status:780: creating Makefile
config.status:952: executing depfiles commands
config.status:1029: cd .       && sed -e '/# am--include-marker/d' Makefile         | make -f - am--depfiles
make: Nothing to be done for 'am--depfiles'.
config.status:1034: $? = 0

## ---------------- ##
## Cache variables. ##
## ---------------- ##

ac_cv_c_compiler_gnu=yes
ac_cv_cxx_compiler_gnu=yes
ac_cv_env_CCC_set=
ac_cv_env_CCC_value=
ac_cv_env_CC_set=
ac_cv_env_CC_value=
ac_cv_env_CFLAGS_set=
ac_cv_env_CFLAGS_value=
ac_cv_env_CPPFLAGS_set=
ac_cv_env_CPPFLAGS_value=
ac_cv_env_CXXFLAGS_set=
ac_cv_env_CXXFLAGS_value=
ac_cv_env_CXX_set=
ac_cv_env_CXX_value=
ac_cv_env_LDFLAGS_set=
ac_cv_env_LDFLAGS_value=
ac_cv_env_LIBS_set=
ac_cv_env_LIBS_value=
ac_cv_env_build_alias_set=
ac_cv_env_build_alias_value=
ac_cv_env_host_alias_set=
ac_cv_env_host_alias_value=
ac_cv_env_target_alias_set=
ac_cv_env_target_alias_value=
ac_cv_objext=o
ac_cv_path_install='/usr/bin/install -c'
ac_cv_path_mkdir=/usr/sbin/mkdir
ac_cv_prog_AWK=gawk
ac_cv_prog_ac_ct_CC=gcc
ac_cv_prog_ac_ct_CXX=g++
ac_cv_prog_cc_c11=
ac_cv_prog_cc_g=yes
ac_cv_prog_cc_stdc=
ac_cv_prog_cxx_cxx11=
ac_cv_prog_cxx_g=yes
ac_cv_prog_cxx_stdcxx=
ac_cv_prog_make_make_set=yes
am_cv_CC_dependencies_compiler_type=gcc3
am_cv_CXX_dependencies_compiler_type=gcc3
am_cv_filesystem_timestamp_resolution=0.1
am_cv_make_support_nested_variables=yes
am_cv_prog_cc_c_o=yes
am_cv_sleep_fractional_seconds=yes
am_cv_xargs_n_works=yes

## ----------------- ##
## Output variables. ##
## ----------------- ##

ACLOCAL='${SHELL} '\''/mnt/c/Users/amarnath/Projects/KiddieScript/build-aux/missing'\'' aclocal-1.17'
AMDEPBACKSLASH='\'
AMDEP_FALSE='#'
AMDEP_TRUE=''
AMTAR='$${TAR-tar}'
AM_BACKSLASH='\'
AM_DEFAULT_V='$(AM_DEFAULT_VERBOSITY)'
AM_DEFAULT_VERBOSITY='1'
AM_V='$(V)'
AUTOCONF='${SHELL} '\''/mnt/c/Users/amarnath/Projects/KiddieScript/build-aux/missing'\'' autoconf'
AUTOHEADER='${SHELL} '\''/mnt/c/Users/amarnath/Projects/KiddieScript/build-aux/missing'\'' autoheader'
AUTOMAKE='${SHELL} '\''/mnt/c/Users/amarnath/Projects/KiddieScript/build-aux/missing'\'' automake-1.17'
AWK='gawk'
CC='gcc'
CCDEPMODE='depmode=gcc3'
CFLAGS='-g -O2'
CPPFLAGS=''
CSCOPE='cscope'
CTAGS='ctags'
CXX='g++'
CXXDEPMODE='depmode=gcc3'
CXXFLAGS='-g -O2'
CYGPATH_W='echo'
DEFS='-DPACKAGE_NAME=\"skid\" -DPACKAGE_TARNAME=\"skid\" -DPACKAGE_VERSION=\"0.0.1\" -DPACKAGE_STRING=\"skid\ 0.0.1\" -DPACKAGE_BUGREPORT=\"apatel6ty@protonmail.com\" -DPACKAGE_URL=\"\" -DPACKAGE=\"skid\" -DVERSION=\"0.0.1\"'
DEPDIR='.deps'
ECHO_C=''
ECHO_N='-n'
ECHO_T=''
ETAGS='etags'
EXEEXT=''
INSTALL_DATA='${INSTALL} -m 644'
INSTALL_PROGRAM='${INSTALL}'
INSTALL_SCRIPT='${INSTALL}'
INSTALL_STRIP_PROGRAM='$(install_sh) -c -s'
LDFLAGS=''
LIBOBJS=''
LIBS=''
LTLIBOBJS=''
MAKEINFO='${SHELL} '\''/mnt/c/Users/amarnath/Projects/KiddieScript/build-aux/missing'\'' makeinfo'
MKDIR_P='/usr/sbin/mkdir -p'
OBJEXT='o'
PACKAGE='skid'
PACKAGE_BUGREPORT='apatel6ty@protonmail.com'
PACKAGE_NAME='skid'
PACKAGE_STRING='skid 0.0.1'
PACKAGE_TARNAME='skid'
PACKAGE_URL=''
PACKAGE_VERSION='0.0.1'
PATH_SEPARATOR=':'
SET_MAKE=''
SHELL='/bin/sh'
STRIP=''
VERSION='0.0.1'
ac_ct_CC='gcc'
ac_ct_CXX='g++'
am__EXEEXT_FALSE=''
am__EXEEXT_TRUE='#'
am__fastdepCC_FALSE='#'
am__fastdepCC_TRUE=''
am__fastdepCXX_FALSE='#'
am__fastdepCXX_TRUE=''
am__include='include'
am__isrc=''
am__leading_dot='.'
am__nodep='_no'
am__quote=''
am__rm_f_notfound=''
am__tar='$${TAR-tar} chof - "$$tardir"'
am__untar='$${TAR-tar} xf -'
am__xargs_n='xargs -n'
bindir='${exec_prefix}/bin'
build_alias=''
datadir='${datarootdir}'
datarootdir='${prefix}/share'
docdir='${datarootdir}/doc/${PACKAGE_TARNAME}'
dvidir='${docdir}'
exec_prefix='${prefix}'
host_alias=''
htmldir='${docdir}'
includedir='${prefix}/include'
infodir='${datarootdir}/info'
install_sh='${SHELL} /mnt/c/Users/amarnath/Projects/KiddieScript/build-aux/install-sh'
libdir='${exec_prefix}/lib'
libexecdir='${exec_prefix}/libexec'
localedir='${datarootdir}/locale'
localstatedir='${prefix}/var'
mandir='${datarootdir}/man'
mkdir_p='$(MKDIR_P)'
oldincludedir='/usr/include'
pdfdir='${docdir}'
prefix='/usr/local'
program_transform_name='s,x,x,'
psdir='${docdir}'
runstatedir='${localstatedir}/run'
sbindir='${exec_prefix}/sbin'
sharedstatedir='${prefix}/com'
sysconfdir='${prefix}/etc'
target_alias=''

## ----------- ##
## confdefs.h. ##
## ----------- ##

/* confdefs.h */
#define PACKAGE_NAME "skid"
#define PACKAGE_TARNAME "skid"
#define PACKAGE_VERSION "0.0.1"
#define PACKAGE_STRING "skid 0.0.1"
#define PACKAGE_BUGREPORT "apatel6ty@protonmail.com"
#define PACKAGE_URL ""
#define PACKAGE "skid"
#define VERSION "0.0.1"

configure: exit 0
